\BOOKMARK [1][-]{section.1}{Introduction}{}% 1
\BOOKMARK [1][-]{section.2}{Method}{}% 2
\BOOKMARK [2][-]{subsection.2.1}{Group-specific marker trajectories}{section.2}% 3
\BOOKMARK [2][-]{subsection.2.2}{Group-specific risk of event}{section.2}% 4
\BOOKMARK [2][-]{subsection.2.3}{Likelihood}{section.2}% 5
\BOOKMARK [1][-]{section.3}{Inference}{}% 6
\BOOKMARK [2][-]{subsection.3.1}{Penalized objective}{section.3}% 7
\BOOKMARK [2][-]{subsection.3.2}{A Quasi-Newton Monte Carlo EM}{section.3}% 8
\BOOKMARK [2][-]{subsection.3.3}{Practical details}{section.3}% 9
\BOOKMARK [1][-]{section.4}{Performance evaluation}{}% 10
\BOOKMARK [2][-]{subsection.4.1}{The C-index metric}{section.4}% 11
\BOOKMARK [2][-]{subsection.4.2}{Evaluation strategy}{section.4}% 12
\BOOKMARK [2][-]{subsection.4.3}{Competing models}{section.4}% 13
\BOOKMARK [1][-]{section.5}{High-dimensional simulation study}{}% 14
\BOOKMARK [2][-]{subsection.5.1}{Simulation design}{section.5}% 15
\BOOKMARK [2][-]{subsection.5.2}{Results of simulation}{section.5}% 16
\BOOKMARK [1][-]{section.6}{Applications}{}% 17
\BOOKMARK [2][-]{subsection.6.1}{The PBCseq dataset}{section.6}% 18
\BOOKMARK [2][-]{subsection.6.2}{The MIMIC III dataset}{section.6}% 19
\BOOKMARK [1][-]{section.7}{Conclusion}{}% 20
